Determining if the pthread_create exist failed with the following output:
Change Dir: /home/scott/catkin_ws/src/orb_slam_rgbd/ORB_SLAM2_modified/Examples/ROS/ORB_SLAM2/hehe/CMakeFiles/CMakeTmp

Run Build Command:/usr/bin/make "cmTryCompileExec3778258067/fast"
make[1]: Entering directory `/home/scott/catkin_ws/src/orb_slam_rgbd/ORB_SLAM2_modified/Examples/ROS/ORB_SLAM2/hehe/CMakeFiles/CMakeTmp'
/usr/bin/make -f CMakeFiles/cmTryCompileExec3778258067.dir/build.make CMakeFiles/cmTryCompileExec3778258067.dir/build
make[2]: Entering directory `/home/scott/catkin_ws/src/orb_slam_rgbd/ORB_SLAM2_modified/Examples/ROS/ORB_SLAM2/hehe/CMakeFiles/CMakeTmp'
/usr/bin/cmake -E cmake_progress_report /home/scott/catkin_ws/src/orb_slam_rgbd/ORB_SLAM2_modified/Examples/ROS/ORB_SLAM2/hehe/CMakeFiles/CMakeTmp/CMakeFiles 1
Building C object CMakeFiles/cmTryCompileExec3778258067.dir/CheckSymbolExists.c.o
/usr/bin/cc    -o CMakeFiles/cmTryCompileExec3778258067.dir/CheckSymbolExists.c.o   -c /home/scott/catkin_ws/src/orb_slam_rgbd/ORB_SLAM2_modified/Examples/ROS/ORB_SLAM2/hehe/CMakeFiles/CMakeTmp/CheckSymbolExists.c
Linking C executable cmTryCompileExec3778258067
/usr/bin/cmake -E cmake_link_script CMakeFiles/cmTryCompileExec3778258067.dir/link.txt --verbose=1
/usr/bin/cc       CMakeFiles/cmTryCompileExec3778258067.dir/CheckSymbolExists.c.o  -o cmTryCompileExec3778258067 -rdynamic 
CMakeFiles/cmTryCompileExec3778258067.dir/CheckSymbolExists.c.o: In function `main':
CheckSymbolExists.c:(.text+0x16): undefined reference to `pthread_create'
collect2: error: ld returned 1 exit status
make[2]: *** [cmTryCompileExec3778258067] Error 1
make[2]: Leaving directory `/home/scott/catkin_ws/src/orb_slam_rgbd/ORB_SLAM2_modified/Examples/ROS/ORB_SLAM2/hehe/CMakeFiles/CMakeTmp'
make[1]: *** [cmTryCompileExec3778258067/fast] Error 2
make[1]: Leaving directory `/home/scott/catkin_ws/src/orb_slam_rgbd/ORB_SLAM2_modified/Examples/ROS/ORB_SLAM2/hehe/CMakeFiles/CMakeTmp'

File /home/scott/catkin_ws/src/orb_slam_rgbd/ORB_SLAM2_modified/Examples/ROS/ORB_SLAM2/hehe/CMakeFiles/CMakeTmp/CheckSymbolExists.c:
/* */
#include <pthread.h>

int main(int argc, char** argv)
{
  (void)argv;
#ifndef pthread_create
  return ((int*)(&pthread_create))[argc];
#else
  (void)argc;
  return 0;
#endif
}

Determining if the function pthread_create exists in the pthreads failed with the following output:
Change Dir: /home/scott/catkin_ws/src/orb_slam_rgbd/ORB_SLAM2_modified/Examples/ROS/ORB_SLAM2/hehe/CMakeFiles/CMakeTmp

Run Build Command:/usr/bin/make "cmTryCompileExec3832127391/fast"
make[1]: Entering directory `/home/scott/catkin_ws/src/orb_slam_rgbd/ORB_SLAM2_modified/Examples/ROS/ORB_SLAM2/hehe/CMakeFiles/CMakeTmp'
/usr/bin/make -f CMakeFiles/cmTryCompileExec3832127391.dir/build.make CMakeFiles/cmTryCompileExec3832127391.dir/build
make[2]: Entering directory `/home/scott/catkin_ws/src/orb_slam_rgbd/ORB_SLAM2_modified/Examples/ROS/ORB_SLAM2/hehe/CMakeFiles/CMakeTmp'
/usr/bin/cmake -E cmake_progress_report /home/scott/catkin_ws/src/orb_slam_rgbd/ORB_SLAM2_modified/Examples/ROS/ORB_SLAM2/hehe/CMakeFiles/CMakeTmp/CMakeFiles 1
Building C object CMakeFiles/cmTryCompileExec3832127391.dir/CheckFunctionExists.c.o
/usr/bin/cc   -DCHECK_FUNCTION_EXISTS=pthread_create   -o CMakeFiles/cmTryCompileExec3832127391.dir/CheckFunctionExists.c.o   -c /usr/share/cmake-2.8/Modules/CheckFunctionExists.c
Linking C executable cmTryCompileExec3832127391
/usr/bin/cmake -E cmake_link_script CMakeFiles/cmTryCompileExec3832127391.dir/link.txt --verbose=1
/usr/bin/cc   -DCHECK_FUNCTION_EXISTS=pthread_create    CMakeFiles/cmTryCompileExec3832127391.dir/CheckFunctionExists.c.o  -o cmTryCompileExec3832127391 -rdynamic -lpthreads 
/usr/bin/ld: cannot find -lpthreads
collect2: error: ld returned 1 exit status
make[2]: *** [cmTryCompileExec3832127391] Error 1
make[2]: Leaving directory `/home/scott/catkin_ws/src/orb_slam_rgbd/ORB_SLAM2_modified/Examples/ROS/ORB_SLAM2/hehe/CMakeFiles/CMakeTmp'
make[1]: *** [cmTryCompileExec3832127391/fast] Error 2
make[1]: Leaving directory `/home/scott/catkin_ws/src/orb_slam_rgbd/ORB_SLAM2_modified/Examples/ROS/ORB_SLAM2/hehe/CMakeFiles/CMakeTmp'


