Determining if the Q_WS_WIN exist failed with the following output:
Change Dir: /home/scott/catkin_ws/src/orb_slam_rgbd/ORB_SLAM2_modified/Thirdparty/g2o/build/CMakeFiles/CMakeTmp

Run Build Command:/usr/bin/make "cmTryCompileExec1373248388/fast"
/usr/bin/make -f CMakeFiles/cmTryCompileExec1373248388.dir/build.make CMakeFiles/cmTryCompileExec1373248388.dir/build
make[1]: Entering directory `/home/scott/catkin_ws/src/orb_slam_rgbd/ORB_SLAM2_modified/Thirdparty/g2o/build/CMakeFiles/CMakeTmp'
/usr/bin/cmake -E cmake_progress_report /home/scott/catkin_ws/src/orb_slam_rgbd/ORB_SLAM2_modified/Thirdparty/g2o/build/CMakeFiles/CMakeTmp/CMakeFiles 1
Building CXX object CMakeFiles/cmTryCompileExec1373248388.dir/CheckSymbolExists.cxx.o
/usr/bin/c++   -DLAPACK_USE_F2C -I/usr/include/qt4    -o CMakeFiles/cmTryCompileExec1373248388.dir/CheckSymbolExists.cxx.o -c /home/scott/catkin_ws/src/orb_slam_rgbd/ORB_SLAM2_modified/Thirdparty/g2o/build/CMakeFiles/CMakeTmp/CheckSymbolExists.cxx
/home/scott/catkin_ws/src/orb_slam_rgbd/ORB_SLAM2_modified/Thirdparty/g2o/build/CMakeFiles/CMakeTmp/CheckSymbolExists.cxx: In function ‘int main(int, char**)’:
/home/scott/catkin_ws/src/orb_slam_rgbd/ORB_SLAM2_modified/Thirdparty/g2o/build/CMakeFiles/CMakeTmp/CheckSymbolExists.cxx:8:19: error: ‘Q_WS_WIN’ was not declared in this scope
   return ((int*)(&Q_WS_WIN))[argc];
                   ^
make[1]: *** [CMakeFiles/cmTryCompileExec1373248388.dir/CheckSymbolExists.cxx.o] Error 1
make[1]: Leaving directory `/home/scott/catkin_ws/src/orb_slam_rgbd/ORB_SLAM2_modified/Thirdparty/g2o/build/CMakeFiles/CMakeTmp'
make: *** [cmTryCompileExec1373248388/fast] Error 2

File /home/scott/catkin_ws/src/orb_slam_rgbd/ORB_SLAM2_modified/Thirdparty/g2o/build/CMakeFiles/CMakeTmp/CheckSymbolExists.cxx:
/* */
#include <QtCore/qglobal.h>

int main(int argc, char** argv)
{
  (void)argv;
#ifndef Q_WS_WIN
  return ((int*)(&Q_WS_WIN))[argc];
#else
  (void)argc;
  return 0;
#endif
}

Determining if the Q_WS_QWS exist failed with the following output:
Change Dir: /home/scott/catkin_ws/src/orb_slam_rgbd/ORB_SLAM2_modified/Thirdparty/g2o/build/CMakeFiles/CMakeTmp

Run Build Command:/usr/bin/make "cmTryCompileExec1116720290/fast"
/usr/bin/make -f CMakeFiles/cmTryCompileExec1116720290.dir/build.make CMakeFiles/cmTryCompileExec1116720290.dir/build
make[1]: Entering directory `/home/scott/catkin_ws/src/orb_slam_rgbd/ORB_SLAM2_modified/Thirdparty/g2o/build/CMakeFiles/CMakeTmp'
/usr/bin/cmake -E cmake_progress_report /home/scott/catkin_ws/src/orb_slam_rgbd/ORB_SLAM2_modified/Thirdparty/g2o/build/CMakeFiles/CMakeTmp/CMakeFiles 1
Building CXX object CMakeFiles/cmTryCompileExec1116720290.dir/CheckSymbolExists.cxx.o
/usr/bin/c++   -DLAPACK_USE_F2C -I/usr/include/qt4    -o CMakeFiles/cmTryCompileExec1116720290.dir/CheckSymbolExists.cxx.o -c /home/scott/catkin_ws/src/orb_slam_rgbd/ORB_SLAM2_modified/Thirdparty/g2o/build/CMakeFiles/CMakeTmp/CheckSymbolExists.cxx
/home/scott/catkin_ws/src/orb_slam_rgbd/ORB_SLAM2_modified/Thirdparty/g2o/build/CMakeFiles/CMakeTmp/CheckSymbolExists.cxx: In function ‘int main(int, char**)’:
/home/scott/catkin_ws/src/orb_slam_rgbd/ORB_SLAM2_modified/Thirdparty/g2o/build/CMakeFiles/CMakeTmp/CheckSymbolExists.cxx:8:19: error: ‘Q_WS_QWS’ was not declared in this scope
   return ((int*)(&Q_WS_QWS))[argc];
                   ^
make[1]: *** [CMakeFiles/cmTryCompileExec1116720290.dir/CheckSymbolExists.cxx.o] Error 1
make[1]: Leaving directory `/home/scott/catkin_ws/src/orb_slam_rgbd/ORB_SLAM2_modified/Thirdparty/g2o/build/CMakeFiles/CMakeTmp'
make: *** [cmTryCompileExec1116720290/fast] Error 2

File /home/scott/catkin_ws/src/orb_slam_rgbd/ORB_SLAM2_modified/Thirdparty/g2o/build/CMakeFiles/CMakeTmp/CheckSymbolExists.cxx:
/* */
#include <QtCore/qglobal.h>

int main(int argc, char** argv)
{
  (void)argv;
#ifndef Q_WS_QWS
  return ((int*)(&Q_WS_QWS))[argc];
#else
  (void)argc;
  return 0;
#endif
}

Determining if the Q_WS_MAC exist failed with the following output:
Change Dir: /home/scott/catkin_ws/src/orb_slam_rgbd/ORB_SLAM2_modified/Thirdparty/g2o/build/CMakeFiles/CMakeTmp

Run Build Command:/usr/bin/make "cmTryCompileExec919871628/fast"
/usr/bin/make -f CMakeFiles/cmTryCompileExec919871628.dir/build.make CMakeFiles/cmTryCompileExec919871628.dir/build
make[1]: Entering directory `/home/scott/catkin_ws/src/orb_slam_rgbd/ORB_SLAM2_modified/Thirdparty/g2o/build/CMakeFiles/CMakeTmp'
/usr/bin/cmake -E cmake_progress_report /home/scott/catkin_ws/src/orb_slam_rgbd/ORB_SLAM2_modified/Thirdparty/g2o/build/CMakeFiles/CMakeTmp/CMakeFiles 1
Building CXX object CMakeFiles/cmTryCompileExec919871628.dir/CheckSymbolExists.cxx.o
/usr/bin/c++   -DLAPACK_USE_F2C -I/usr/include/qt4    -o CMakeFiles/cmTryCompileExec919871628.dir/CheckSymbolExists.cxx.o -c /home/scott/catkin_ws/src/orb_slam_rgbd/ORB_SLAM2_modified/Thirdparty/g2o/build/CMakeFiles/CMakeTmp/CheckSymbolExists.cxx
/home/scott/catkin_ws/src/orb_slam_rgbd/ORB_SLAM2_modified/Thirdparty/g2o/build/CMakeFiles/CMakeTmp/CheckSymbolExists.cxx: In function ‘int main(int, char**)’:
/home/scott/catkin_ws/src/orb_slam_rgbd/ORB_SLAM2_modified/Thirdparty/g2o/build/CMakeFiles/CMakeTmp/CheckSymbolExists.cxx:8:19: error: ‘Q_WS_MAC’ was not declared in this scope
   return ((int*)(&Q_WS_MAC))[argc];
                   ^
make[1]: *** [CMakeFiles/cmTryCompileExec919871628.dir/CheckSymbolExists.cxx.o] Error 1
make[1]: Leaving directory `/home/scott/catkin_ws/src/orb_slam_rgbd/ORB_SLAM2_modified/Thirdparty/g2o/build/CMakeFiles/CMakeTmp'
make: *** [cmTryCompileExec919871628/fast] Error 2

File /home/scott/catkin_ws/src/orb_slam_rgbd/ORB_SLAM2_modified/Thirdparty/g2o/build/CMakeFiles/CMakeTmp/CheckSymbolExists.cxx:
/* */
#include <QtCore/qglobal.h>

int main(int argc, char** argv)
{
  (void)argv;
#ifndef Q_WS_MAC
  return ((int*)(&Q_WS_MAC))[argc];
#else
  (void)argc;
  return 0;
#endif
}

