Determining if the pthread_create exist failed with the following output:
Change Dir: /home/scott/catkin_ws/src/orb_slam_rgbd/ORB_SLAM2_modified/Examples/ROS/ORB_SLAM2/build/CMakeFiles/CMakeTmp

Run Build Command:/usr/bin/make "cmTryCompileExec4132424098/fast"
/usr/bin/make -f CMakeFiles/cmTryCompileExec4132424098.dir/build.make CMakeFiles/cmTryCompileExec4132424098.dir/build
make[1]: Entering directory `/home/scott/catkin_ws/src/orb_slam_rgbd/ORB_SLAM2_modified/Examples/ROS/ORB_SLAM2/build/CMakeFiles/CMakeTmp'
/usr/bin/cmake -E cmake_progress_report /home/scott/catkin_ws/src/orb_slam_rgbd/ORB_SLAM2_modified/Examples/ROS/ORB_SLAM2/build/CMakeFiles/CMakeTmp/CMakeFiles 1
Building C object CMakeFiles/cmTryCompileExec4132424098.dir/CheckSymbolExists.c.o
/usr/bin/cc    -o CMakeFiles/cmTryCompileExec4132424098.dir/CheckSymbolExists.c.o   -c /home/scott/catkin_ws/src/orb_slam_rgbd/ORB_SLAM2_modified/Examples/ROS/ORB_SLAM2/build/CMakeFiles/CMakeTmp/CheckSymbolExists.c
Linking C executable cmTryCompileExec4132424098
/usr/bin/cmake -E cmake_link_script CMakeFiles/cmTryCompileExec4132424098.dir/link.txt --verbose=1
/usr/bin/cc       CMakeFiles/cmTryCompileExec4132424098.dir/CheckSymbolExists.c.o  -o cmTryCompileExec4132424098 -rdynamic 
CMakeFiles/cmTryCompileExec4132424098.dir/CheckSymbolExists.c.o: In function `main':
CheckSymbolExists.c:(.text+0x16): undefined reference to `pthread_create'
collect2: error: ld returned 1 exit status
make[1]: *** [cmTryCompileExec4132424098] Error 1
make[1]: Leaving directory `/home/scott/catkin_ws/src/orb_slam_rgbd/ORB_SLAM2_modified/Examples/ROS/ORB_SLAM2/build/CMakeFiles/CMakeTmp'
make: *** [cmTryCompileExec4132424098/fast] Error 2

File /home/scott/catkin_ws/src/orb_slam_rgbd/ORB_SLAM2_modified/Examples/ROS/ORB_SLAM2/build/CMakeFiles/CMakeTmp/CheckSymbolExists.c:
/* */
#include <pthread.h>

int main(int argc, char** argv)
{
  (void)argv;
#ifndef pthread_create
  return ((int*)(&pthread_create))[argc];
#else
  (void)argc;
  return 0;
#endif
}

Determining if the function pthread_create exists in the pthreads failed with the following output:
Change Dir: /home/scott/catkin_ws/src/orb_slam_rgbd/ORB_SLAM2_modified/Examples/ROS/ORB_SLAM2/build/CMakeFiles/CMakeTmp

Run Build Command:/usr/bin/make "cmTryCompileExec2845222092/fast"
/usr/bin/make -f CMakeFiles/cmTryCompileExec2845222092.dir/build.make CMakeFiles/cmTryCompileExec2845222092.dir/build
make[1]: Entering directory `/home/scott/catkin_ws/src/orb_slam_rgbd/ORB_SLAM2_modified/Examples/ROS/ORB_SLAM2/build/CMakeFiles/CMakeTmp'
/usr/bin/cmake -E cmake_progress_report /home/scott/catkin_ws/src/orb_slam_rgbd/ORB_SLAM2_modified/Examples/ROS/ORB_SLAM2/build/CMakeFiles/CMakeTmp/CMakeFiles 1
Building C object CMakeFiles/cmTryCompileExec2845222092.dir/CheckFunctionExists.c.o
/usr/bin/cc   -DCHECK_FUNCTION_EXISTS=pthread_create   -o CMakeFiles/cmTryCompileExec2845222092.dir/CheckFunctionExists.c.o   -c /usr/share/cmake-2.8/Modules/CheckFunctionExists.c
Linking C executable cmTryCompileExec2845222092
/usr/bin/cmake -E cmake_link_script CMakeFiles/cmTryCompileExec2845222092.dir/link.txt --verbose=1
/usr/bin/cc   -DCHECK_FUNCTION_EXISTS=pthread_create    CMakeFiles/cmTryCompileExec2845222092.dir/CheckFunctionExists.c.o  -o cmTryCompileExec2845222092 -rdynamic -lpthreads 
/usr/bin/ld: cannot find -lpthreads
collect2: error: ld returned 1 exit status
make[1]: *** [cmTryCompileExec2845222092] Error 1
make[1]: Leaving directory `/home/scott/catkin_ws/src/orb_slam_rgbd/ORB_SLAM2_modified/Examples/ROS/ORB_SLAM2/build/CMakeFiles/CMakeTmp'
make: *** [cmTryCompileExec2845222092/fast] Error 2


